[debug] [2023-10-03T19:34:28.653Z] ----------------------------------------------------------------------
[debug] [2023-10-03T19:34:28.656Z] Command:       C:\Program Files\nodejs\node.exe C:\Users\ak689\AppData\Roaming\npm\node_modules\firebase-tools\lib\bin\firebase.js init
[debug] [2023-10-03T19:34:28.657Z] CLI Version:   12.6.1
[debug] [2023-10-03T19:34:28.657Z] Platform:      win32
[debug] [2023-10-03T19:34:28.658Z] Node Version:  v18.15.0
[debug] [2023-10-03T19:34:28.659Z] Time:          Wed Oct 04 2023 01:04:28 GMT+0530 (India Standard Time)
[debug] [2023-10-03T19:34:28.659Z] ----------------------------------------------------------------------
[debug] 
[debug] [2023-10-03T19:34:28.672Z] > command requires scopes: ["email","openid","https://www.googleapis.com/auth/cloudplatformprojects.readonly","https://www.googleapis.com/auth/firebase","https://www.googleapis.com/auth/cloud-platform"]
[debug] [2023-10-03T19:34:28.672Z] > authorizing via signed-in user (ak6892281@gmail.com)
[info] 
     ######## #### ########  ######## ########     ###     ######  ########
     ##        ##  ##     ## ##       ##     ##  ##   ##  ##       ##
     ######    ##  ########  ######   ########  #########  ######  ######
     ##        ##  ##    ##  ##       ##     ## ##     ##       ## ##
     ##       #### ##     ## ######## ########  ##     ##  ######  ########

You're about to initialize a Firebase project in this directory:

  D:\web developer\New folder\React\social-media

[info] 
=== Project Setup
[info] 
[info] First, let's associate this project directory with a Firebase project.
[info] You can create multiple project aliases by running firebase use --add, 
[info] but for now we'll just set up a default project.
[info] 
[debug] [2023-10-03T19:36:08.775Z] >>> [apiv2][query] GET https://firebase.googleapis.com/v1beta1/projects pageSize=100
[debug] [2023-10-03T19:36:10.756Z] <<< [apiv2][status] GET https://firebase.googleapis.com/v1beta1/projects 200
[debug] [2023-10-03T19:36:10.756Z] <<< [apiv2][body] GET https://firebase.googleapis.com/v1beta1/projects [omitted]
[info] i  Using project react-course-89500 (react-course) 
[info] 
=== Hosting Setup
[info] 
[info] Your public directory is the folder (relative to your project directory) that
[info] will contain Hosting assets to be uploaded with firebase deploy. If you
[info] have a build process for your assets, use your build's output directory.
[info] 
[info] +  Wrote public/404.html 
[debug] [2023-10-03T19:37:34.335Z] >>> [apiv2][query] GET https://www.gstatic.com/firebasejs/releases.json [none]
[debug] [2023-10-03T19:37:34.879Z] <<< [apiv2][status] GET https://www.gstatic.com/firebasejs/releases.json 200
[debug] [2023-10-03T19:37:34.879Z] <<< [apiv2][body] GET https://www.gstatic.com/firebasejs/releases.json {"current":{"version":"10.4.0","browserURL":"https://www.gstatic.com/firebasejs/10.4.0/firebase.js","packageURL":"https://www.gstatic.com/firebasejs/10.4.0/firebase.tgz"},"live":{"version":"10.4","browserURL":"https://www.gstatic.com/firebasejs/live/10.4/firebase.js","packageURL":"https://www.gstatic.com/firebasejs/live/10.4/firebase.tgz"},"components":{"analytics":"https://www.gstatic.com/firebasejs/10.4.0/firebase-analytics.js","app":"https://www.gstatic.com/firebasejs/10.4.0/firebase-app.js","app-check":"https://www.gstatic.com/firebasejs/10.4.0/firebase-app-check.js","auth":"https://www.gstatic.com/firebasejs/10.4.0/firebase-auth.js","auth/cordova":"https://www.gstatic.com/firebasejs/10.4.0/firebase-auth/cordova.js","functions":"https://www.gstatic.com/firebasejs/10.4.0/firebase-functions.js","firestore":"https://www.gstatic.com/firebasejs/10.4.0/firebase-firestore.js","firestore/lite":"https://www.gstatic.com/firebasejs/10.4.0/firebase-firestore/lite.js","installations":"https://www.gstatic.com/firebasejs/10.4.0/firebase-installations.js","storage":"https://www.gstatic.com/firebasejs/10.4.0/firebase-storage.js","performance":"https://www.gstatic.com/firebasejs/10.4.0/firebase-performance.js","remote-config":"https://www.gstatic.com/firebasejs/10.4.0/firebase-remote-config.js","messaging":"https://www.gstatic.com/firebasejs/10.4.0/firebase-messaging.js","messaging/sw":"https://www.gstatic.com/firebasejs/10.4.0/firebase-messaging/sw.js","database":"https://www.gstatic.com/firebasejs/10.4.0/firebase-database.js","firestore.memory":"https://www.gstatic.com/firebasejs/10.4.0/firebase-firestore.memory.js"}}
[info] i  Skipping write of public/index.html 
[info] 
[info] i  Detected a .git folder at D:\web developer\New folder\React\social-media 
[info] i  Authorizing with GitHub to upload your service account to a GitHub repository's secrets store. 
[info] 
[info] Visit this URL on this device to log in:
[info] https://github.com/login/oauth/authorize?client_id=89cf50f02ac6aaed3484&state=487330826&redirect_uri=http%3A%2F%2Flocalhost%3A9005&scope=read%3Auser%20repo%20public_repo
[info] 
[info] Waiting for authentication...
[debug] [2023-10-03T19:38:31.964Z] >>> [apiv2][query] POST https://github.com/login/oauth/access_token [none]
[debug] [2023-10-03T19:38:31.964Z] >>> [apiv2][body] POST https://github.com/login/oauth/access_token [stream]
[debug] [2023-10-03T19:38:32.946Z] <<< [apiv2][status] POST https://github.com/login/oauth/access_token 200
[debug] [2023-10-03T19:38:32.947Z] <<< [apiv2][body] POST https://github.com/login/oauth/access_token {"access_token":"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","token_type":"bearer","scope":"read:user,repo"}
[debug] [2023-10-03T19:38:32.960Z] >>> [apiv2][query] GET https://api.github.com/user [none]
[debug] [2023-10-03T19:38:33.762Z] <<< [apiv2][status] GET https://api.github.com/user 200
[debug] [2023-10-03T19:38:33.762Z] <<< [apiv2][body] GET https://api.github.com/user {"login":"avnish175","id":125601430,"node_id":"U_kgDOB3yGlg","avatar_url":"https://avatars.githubusercontent.com/u/125601430?v=4","gravatar_id":"","url":"https://api.github.com/users/avnish175","html_url":"https://github.com/avnish175","followers_url":"https://api.github.com/users/avnish175/followers","following_url":"https://api.github.com/users/avnish175/following{/other_user}","gists_url":"https://api.github.com/users/avnish175/gists{/gist_id}","starred_url":"https://api.github.com/users/avnish175/starred{/owner}{/repo}","subscriptions_url":"https://api.github.com/users/avnish175/subscriptions","organizations_url":"https://api.github.com/users/avnish175/orgs","repos_url":"https://api.github.com/users/avnish175/repos","events_url":"https://api.github.com/users/avnish175/events{/privacy}","received_events_url":"https://api.github.com/users/avnish175/received_events","type":"User","site_admin":false,"name":null,"company":null,"blog":"","location":null,"email":null,"hireable":null,"bio":null,"twitter_username":null,"public_repos":2,"public_gists":0,"followers":0,"following":0,"created_at":"2023-02-16T19:12:50Z","updated_at":"2023-07-31T16:11:42Z","private_gists":0,"total_private_repos":0,"owned_private_repos":0,"disk_usage":3,"collaborators":0,"two_factor_authentication":false,"plan":{"name":"free","space":976562499,"collaborators":0,"private_repos":10000}}
[info] 
[info] +  Success! Logged into GitHub as avnish175 
[info] 
